<?xml version="1.0" encoding="UTF-8"?>
<!-- Generated by org.testng.reporters.JUnitXMLReporter -->
<testsuite hostname="DESKTOP-R89V02H" ignored="0" name="ChromeTest" tests="8" failures="2" timestamp="25 May 2017 04:10:58 GMT" time="93.445" errors="0">
  <testcase name="SkipTest" time="0.025" classname="test.bajaj.selenium.TestSkipSignInPage">
    <skipped/>
  </testcase> <!-- SkipTest -->
  <testcase name="SkipTest2" time="0.002" classname="test.bajaj.selenium.TestSkipSignInPage">
    <skipped/>
  </testcase> <!-- SkipTest2 -->
  <testcase name="checkRegistration" time="22.661" classname="test.bajaj.selenium.TestSkipSignInPage"/>
  <testcase name="checkRegistration" time="5.447" classname="test.bajaj.selenium.TestSkipSignInPage"/>
  <testcase name="checkRegistration" time="8.096" classname="test.bajaj.selenium.TestSkipSignInPage"/>
  <testcase name="checkRegistration" time="5.028" classname="test.bajaj.selenium.TestSkipSignInPage"/>
  <testcase name="failedTest" time="0.011" classname="test.bajaj.selenium.TestSkipSignInPage">
    <failure type="java.lang.AssertionError" message="expected [true] but found [false]">
      <![CDATA[java.lang.AssertionError: expected [true] but found [false]
	at test.bajaj.selenium.TestSkipSignInPage.failedTest(TestSkipSignInPage.java:150)
	at java.util.concurrent.FutureTask.run(FutureTask.java:266)
	at java.util.concurrent.ThreadPoolExecutor.runWorker(ThreadPoolExecutor.java:1142)
	at java.util.concurrent.ThreadPoolExecutor$Worker.run(ThreadPoolExecutor.java:617)
	at java.lang.Thread.run(Thread.java:745)
... Removed 20 stack frames]]>
    </failure>
  </testcase> <!-- failedTest -->
  <testcase name="failedTest2" time="0.005" classname="test.bajaj.selenium.TestSkipSignInPage">
    <failure type="java.lang.AssertionError" message="expected [true] but found [false]">
      <![CDATA[java.lang.AssertionError: expected [true] but found [false]
	at test.bajaj.selenium.TestSkipSignInPage.failedTest2(TestSkipSignInPage.java:155)
	at java.util.concurrent.FutureTask.run(FutureTask.java:266)
	at java.util.concurrent.ThreadPoolExecutor.runWorker(ThreadPoolExecutor.java:1142)
	at java.util.concurrent.ThreadPoolExecutor$Worker.run(ThreadPoolExecutor.java:617)
	at java.lang.Thread.run(Thread.java:745)
... Removed 20 stack frames]]>
    </failure>
  </testcase> <!-- failedTest2 -->
</testsuite> <!-- ChromeTest -->
